[2026-02-23 21:03:18,828] Start Pheasy.
 ____  _   _  ____    __    ___  _  _ 
(  _ \( )_( )( ___)  /__\  / __)( \/ )
 )___/ ) _ (  )__)  /(__)\ \__ \ \  / 
(__)  (_) (_)(____)(__)(__)(___/ (__) 0.0.2
[2026-02-23 21:03:18,834] System: Cu2Nd4O7
[2026-02-23 21:03:18,834] Space group: C2/m (12), 4 symmetry operations found.
[2026-02-23 21:03:18,834] Creating 3 x 3 x 3 supercell (351 atoms).
[2026-02-23 21:03:18,854] Reading and generating cluster space from file, up to 2-order.
[2026-02-23 21:03:20,420] Cutoff distance (A) for 2-order IFCs: inf
[2026-02-23 21:03:20,421] Summary of cluster space:
[2026-02-23 21:03:20,421] - HARM    | cluster number: 830 | IFC number: 7470
[2026-02-23 21:03:20,421] Starting to construct symmetry constraints and null space.
[2026-02-23 21:03:20,422] Symmmetry constraints are imposed in Cartesian coordinate.
[2026-02-23 21:03:20,422] Symmetry constraints on 2-order IFCs:
[2026-02-23 21:03:20,422] - Imposing space group and permuation symmetry.
[2026-02-23 21:03:21,484] - Imposing translational invariance.
[2026-02-23 21:03:25,385] - Calculating null space.
[2026-02-23 21:03:35,153] - Time cost: 0:00:14.730522.
[2026-02-23 21:03:35,153] Summary of IFCs:
[2026-02-23 21:03:35,153] - HARM    | IFC number: 7470  | Free IFC number: 5493
[2026-02-23 21:03:35,163] Total number of free IFCs: 5493
[2026-02-23 21:03:35,167] Construction of symmetry constraints finished, time cost: 0:00:14.745410.
[2026-02-23 21:03:35,168] Finalize Pheasy, total time cost: 0:00:16.342807.
