[2026-02-23 13:24:07,959] Start Pheasy.
__________  ___ ______________   _____    ______________.___.
\______   \/   |   \_   _____/  /  _  \  /   _____/\__  |   |
 |     ___/    ~    \    __)_  /  /_\  \ \_____  \  /   |   |
 |    |   \    Y    /        \/    |    \/        \ \____   |
 |____|    \___|_  /_______  /\____|__  /_______  / / ______|
                 \/        \/         \/        \/  \/  0.0.2
[2026-02-23 13:24:07,965] System: Cu2Nd4O7
[2026-02-23 13:24:07,965] Space group: C2/m (12), 4 symmetry operations found.
[2026-02-23 13:24:07,965] Creating 3 x 3 x 3 supercell (351 atoms).
[2026-02-23 13:24:07,987] Reading and generating cluster space from file, up to 2-order.
[2026-02-23 13:24:09,565] Cutoff distance (A) for 2-order IFCs: inf
[2026-02-23 13:24:09,566] Summary of cluster space:
[2026-02-23 13:24:09,566] - HARM    | cluster number: 830 | IFC number: 7470
[2026-02-23 13:24:09,567] Reconstructing null space of symmetry constraints from file.
[2026-02-23 13:24:09,572] Summary of IFCs:
[2026-02-23 13:24:09,572] - HARM    | IFC number: 7470  | Free IFC number: 5493
[2026-02-23 13:24:09,572] Total number of free IFCs: 5493
[2026-02-23 13:24:09,572] Reconstructing sensing (displacement) matrix from file.
[2026-02-23 13:24:09,788] Starting to fit interatomic force constants.
[2026-02-23 13:24:09,997] Reading interatomic forces, 12 configurations.
[2026-02-23 13:24:11,717] Fitting force constants via the coordinate descent LASSO.
/opt/conda/envs/atomate2_pheasy/lib/python3.9/site-packages/sklearn/linear_model/_coordinate_descent.py:681: ConvergenceWarning: Objective did not converge. You might want to increase the number of iterations. Duality gap: 2.6136606763044483, tolerance: 1.01691452990575
  model = cd_fast.enet_coordinate_descent_gram(
/opt/conda/envs/atomate2_pheasy/lib/python3.9/site-packages/sklearn/linear_model/_coordinate_descent.py:681: ConvergenceWarning: Objective did not converge. You might want to increase the number of iterations. Duality gap: 4.742631318940823, tolerance: 1.01691452990575
  model = cd_fast.enet_coordinate_descent_gram(
/opt/conda/envs/atomate2_pheasy/lib/python3.9/site-packages/sklearn/linear_model/_coordinate_descent.py:681: ConvergenceWarning: Objective did not converge. You might want to increase the number of iterations. Duality gap: 9.831314066509805, tolerance: 1.01691452990575
  model = cd_fast.enet_coordinate_descent_gram(
