Inside container:
/opt/conda/envs/atomate2_pheasy/bin/python
Python 3.9.23
numpy 1.26.4
PHEASY 0.0.2
phonopy 2.28.0
OMP_NUM_THREADS=128

==== 01_pheasy_s ====
CMD: pheasy -s --dim 3 3 3 -w 2 --nbody 2
[2026-02-23 13:22:12,980] Start Pheasy.
 ___   _  _  ____   __   ___  _   _ 
(   ) ( )( )(  __) (  ) /  _)( \_/ )
| O  || L| || |_   /o \ \_"-. \   / 
( __/ ( __ )(  _) ( __ ) __) ) ( )  
/_\   /_\/_\/____\/_\/_\/___/  |_| 0.0.2
[2026-02-23 13:22:12,997] System: Cu2Nd4O7
[2026-02-23 13:22:12,997] Space group: C2/m (12), 4 symmetry operations found.
[2026-02-23 13:22:12,997] Creating 3 x 3 x 3 supercell (351 atoms).
[2026-02-23 13:22:13,020] Starting to generate cluster space up to 2-order.
[2026-02-23 13:22:13,020] Cutoff distance (A) for 2-order IFCs: inf
[2026-02-23 13:22:24,268] Summary of cluster space:
[2026-02-23 13:22:24,268] - HARM    | cluster number: 830 | IFC number: 7470
[2026-02-23 13:22:26,265] Cluster space generation finished, time cost: 0:00:13.245033.
[2026-02-23 13:22:26,265] Finalize Pheasy, total time cost: 0:00:13.287828.

==== 02_pheasy_c ====
CMD: pheasy -c --dim 3 3 3 -w 2
[2026-02-23 13:22:27,094] Start Pheasy.
 ___   _  _  ____   __   ___  _   _ 
(   ) ( )( )(  __) (  ) /  _)( \_/ )
| O  || L| || |_   /o \ \_"-. \   / 
( __/ ( __ )(  _) ( __ ) __) ) ( )  
/_\   /_\/_\/____\/_\/_\/___/  |_| 0.0.2
[2026-02-23 13:22:27,100] System: Cu2Nd4O7
[2026-02-23 13:22:27,100] Space group: C2/m (12), 4 symmetry operations found.
[2026-02-23 13:22:27,100] Creating 3 x 3 x 3 supercell (351 atoms).
[2026-02-23 13:22:27,121] Reading and generating cluster space from file, up to 2-order.
[2026-02-23 13:22:28,708] Cutoff distance (A) for 2-order IFCs: inf
[2026-02-23 13:22:28,709] Summary of cluster space:
[2026-02-23 13:22:28,709] - HARM    | cluster number: 830 | IFC number: 7470
[2026-02-23 13:22:28,709] Starting to construct symmetry constraints and null space.
[2026-02-23 13:22:28,710] Symmmetry constraints are imposed in Cartesian coordinate.
[2026-02-23 13:22:28,710] Symmetry constraints on 2-order IFCs:
[2026-02-23 13:22:28,710] - Imposing space group and permuation symmetry.
[2026-02-23 13:22:29,758] - Imposing translational invariance.
[2026-02-23 13:22:33,738] - Calculating null space.
[2026-02-23 13:22:43,656] - Time cost: 0:00:14.946034.
[2026-02-23 13:22:43,656] Summary of IFCs:
[2026-02-23 13:22:43,656] - HARM    | IFC number: 7470  | Free IFC number: 5493
[2026-02-23 13:22:43,667] Total number of free IFCs: 5493
[2026-02-23 13:22:43,669] Construction of symmetry constraints finished, time cost: 0:00:14.959327.
[2026-02-23 13:22:43,670] Finalize Pheasy, total time cost: 0:00:16.578441.

==== 03_pheasy_d ====
CMD: pheasy -d --dim 3 3 3 --ndata 12 --disp_file
[2026-02-23 13:22:44,542] Start Pheasy.
                    ___           ___           ___           ___                   
      ___          /  /\         /  /\         /  /\         /  /\          __      
     /  /\        /  /:/        /  /::\       /  /::\       /  /::\        |  |\    
    /  /::\      /  /:/        /  /:/\:\     /  /:/\:\     /__/:/\:\       |  |:|   
   /  /:/\:\    /  /::\ ___   /  /::\ \:\   /  /::\ \:\   _\_ \:\ \:\      |  |:|   
  /  /::\ \:\  /__/:/\:\  /\ /__/:/\:\ \:\ /__/:/\:\_\:\ /__/\ \:\ \:\     |__|:|__ 
 /__/:/\:\_\:\ \__\/  \:\/:/ \  \:\ \:\_\/ \__\/  \:\/:/ \  \:\ \:\_\/     /  /::::\
 \__\/  \:\/:/      \__\::/   \  \:\ \:\        \__\::/   \  \:\_\:\      /  /:/~~~~
      \  \::/       /  /:/     \  \:\_\/        /  /:/     \  \:\/:/     /__/:/     
       \__\/       /__/:/       \  \:\         /__/:/       \  \::/      \__\/      
                   \__\/         \__\/         \__\/         \__\/            
                                                                                    0.0.2
[2026-02-23 13:22:44,548] System: Cu2Nd4O7
[2026-02-23 13:22:44,548] Space group: C2/m (12), 4 symmetry operations found.
[2026-02-23 13:22:44,548] Creating 3 x 3 x 3 supercell (351 atoms).
[2026-02-23 13:22:44,569] Reading and generating cluster space from file, up to 2-order.
[2026-02-23 13:22:46,160] Cutoff distance (A) for 2-order IFCs: inf
[2026-02-23 13:22:46,160] Summary of cluster space:
[2026-02-23 13:22:46,161] - HARM    | cluster number: 830 | IFC number: 7470
[2026-02-23 13:22:46,161] Starting to construct sensing (displacement) matrix.
[2026-02-23 13:22:46,161] Reading displaced configurations from file.
[2026-02-23 13:24:07,093] Construction of sensing (displacement) matrix finished, time cost: 0:01:20.931822.
[2026-02-23 13:24:07,097] Finalize Pheasy, total time cost: 0:01:22.557459.

==== 04_pheasy_f ====
CMD: pheasy -f --dim 3 3 3 --ndata 12 -w 2 -l LASSO --std --full_ifc --rasr BHH --hdf5
[2026-02-23 13:24:07,959] Start Pheasy.
__________  ___ ______________   _____    ______________.___.
\______   \/   |   \_   _____/  /  _  \  /   _____/\__  |   |
 |     ___/    ~    \    __)_  /  /_\  \ \_____  \  /   |   |
 |    |   \    Y    /        \/    |    \/        \ \____   |
 |____|    \___|_  /_______  /\____|__  /_______  / / ______|
                 \/        \/         \/        \/  \/  0.0.2
[2026-02-23 13:24:07,965] System: Cu2Nd4O7
[2026-02-23 13:24:07,965] Space group: C2/m (12), 4 symmetry operations found.
[2026-02-23 13:24:07,965] Creating 3 x 3 x 3 supercell (351 atoms).
[2026-02-23 13:24:07,987] Reading and generating cluster space from file, up to 2-order.
[2026-02-23 13:24:09,565] Cutoff distance (A) for 2-order IFCs: inf
[2026-02-23 13:24:09,566] Summary of cluster space:
[2026-02-23 13:24:09,566] - HARM    | cluster number: 830 | IFC number: 7470
[2026-02-23 13:24:09,567] Reconstructing null space of symmetry constraints from file.
[2026-02-23 13:24:09,572] Summary of IFCs:
[2026-02-23 13:24:09,572] - HARM    | IFC number: 7470  | Free IFC number: 5493
[2026-02-23 13:24:09,572] Total number of free IFCs: 5493
[2026-02-23 13:24:09,572] Reconstructing sensing (displacement) matrix from file.
[2026-02-23 13:24:09,788] Starting to fit interatomic force constants.
[2026-02-23 13:24:09,997] Reading interatomic forces, 12 configurations.
[2026-02-23 13:24:11,717] Fitting force constants via the coordinate descent LASSO.
/opt/conda/envs/atomate2_pheasy/lib/python3.9/site-packages/sklearn/linear_model/_coordinate_descent.py:681: ConvergenceWarning: Objective did not converge. You might want to increase the number of iterations. Duality gap: 2.6136606763044483, tolerance: 1.01691452990575
  model = cd_fast.enet_coordinate_descent_gram(
/opt/conda/envs/atomate2_pheasy/lib/python3.9/site-packages/sklearn/linear_model/_coordinate_descent.py:681: ConvergenceWarning: Objective did not converge. You might want to increase the number of iterations. Duality gap: 4.742631318940823, tolerance: 1.01691452990575
  model = cd_fast.enet_coordinate_descent_gram(
/opt/conda/envs/atomate2_pheasy/lib/python3.9/site-packages/sklearn/linear_model/_coordinate_descent.py:681: ConvergenceWarning: Objective did not converge. You might want to increase the number of iterations. Duality gap: 9.831314066509805, tolerance: 1.01691452990575
  model = cd_fast.enet_coordinate_descent_gram(
/opt/conda/envs/atomate2_pheasy/lib/python3.9/site-packages/sklearn/linear_model/_coordinate_descent.py:681: ConvergenceWarning: Objective did not converge. You might want to increase the number of iterations. Duality gap: 10.77875048223595, tolerance: 1.01691452990575
  model = cd_fast.enet_coordinate_descent_gram(
/opt/conda/envs/atomate2_pheasy/lib/python3.9/site-packages/sklearn/linear_model/_coordinate_descent.py:681: ConvergenceWarning: Objective did not converge. You might want to increase the number of iterations. Duality gap: 2.8282498205873594, tolerance: 1.007900536648428
  model = cd_fast.enet_coordinate_descent_gram(
/opt/conda/envs/atomate2_pheasy/lib/python3.9/site-packages/sklearn/linear_model/_coordinate_descent.py:681: ConvergenceWarning: Objective did not converge. You might want to increase the number of iterations. Duality gap: 2.3753020232286417, tolerance: 1.007900536648428
  model = cd_fast.enet_coordinate_descent_gram(
/opt/conda/envs/atomate2_pheasy/lib/python3.9/site-packages/sklearn/linear_model/_coordinate_descent.py:681: ConvergenceWarning: Objective did not converge. You might want to increase the number of iterations. Duality gap: 2.2729842084624465, tolerance: 1.007900536648428
  model = cd_fast.enet_coordinate_descent_gram(
/opt/conda/envs/atomate2_pheasy/lib/python3.9/site-packages/sklearn/linear_model/_coordinate_descent.py:681: ConvergenceWarning: Objective did not converge. You might want to increase the number of iterations. Duality gap: 5.430344578461074, tolerance: 1.0005080587813215
  model = cd_fast.enet_coordinate_descent_gram(
/opt/conda/envs/atomate2_pheasy/lib/python3.9/site-packages/sklearn/linear_model/_coordinate_descent.py:681: ConvergenceWarning: Objective did not converge. You might want to increase the number of iterations. Duality gap: 6.065222197767753, tolerance: 1.0005080587813215
  model = cd_fast.enet_coordinate_descent_gram(
[2026-02-23 15:45:34,322] Summary of force constants fitting:
[2026-02-23 15:45:34,323] - Reaching the specified tolerance for the optimal alpha after 81 iterations.
[2026-02-23 15:45:34,323] - alpha_min: 1e-6
[2026-02-23 15:45:34,323] - alpha_max: 1e-2
[2026-02-23 15:45:34,323] - alpha_opt: 0.002222996482526193
[2026-02-23 15:45:34,323] - RMSE_CV: 0.30684984409527744 eV/A
[2026-02-23 15:45:34,323] - RMSE: 0.02043479376089429 eV/A
[2026-02-23 15:45:34,323] - Relative error: 0.2396696992179389
[2026-02-23 15:45:34,323] - Rank of coefficient matrix: 5478
[2026-02-23 15:45:34,323] - Free IFC terms: 5493
[2026-02-23 15:45:34,323] - Non-zero IFC terms: 1291
[2026-02-23 15:45:37,835] Writing second-order force constants into file.
[2026-02-23 15:45:37,835] Force constant fitting finished, time cost: 2:21:28.046585.
[2026-02-23 15:45:37,863] Finalize Pheasy, total time cost: 2:21:29.907429.

==== 05_phonopy ====
CMD: phonopy --dim 3 3 3 --readfc --band auto -ps --nac
        _
  _ __ | |__   ___  _ __   ___   _ __  _   _
 | '_ \| '_ \ / _ \| '_ \ / _ \ | '_ \| | | |
 | |_) | | | | (_) | | | | (_) || |_) | |_| |
 | .__/|_| |_|\___/|_| |_|\___(_) .__/ \__, |
 |_|                            |_|    |___/
                                      2.28.0

Compiled with OpenMP support (max 128 threads).
Python version 3.9.23
Spglib version 2.6.0

Crystal structure was read from "POSCAR".
Unit of length: angstrom
Band structure mode (Auto)
Settings:
  Non-analytical term correction (NAC): on
  Supercell: [3 3 3]
  Primitive matrix (Auto):
    [ 2.22044605e-16  1.00000000e+00 -2.77555756e-17]
    [-1.00000000e+00 -1.66533454e-16  2.77555756e-17]
    [0. 0. 1.]
Spacegroup: C2/m (12)
Number of symmetry operations in supercell: 108
Use -v option to watch primitive cell, unit cell, and supercell structures.


"BORN" was not found.
  ___ _ __ _ __ ___  _ __
 / _ \ '__| '__/ _ \| '__|
|  __/ |  | | | (_) | |
 \___|_|  |_|  \___/|_|

Done at Mon Feb 23 15:45:38 PST 2026
