Inside container:
/opt/conda/envs/atomate2_pheasy/bin/python
Python 3.9.23
numpy 1.26.4
PHEASY 0.0.2
phonopy 2.28.0
OMP_NUM_THREADS=128

==== 01_pheasy_s ====
CMD: pheasy -s --dim 3 3 3 -w 2 --nbody 2
[2026-02-23 21:03:04,820] Start Pheasy.
______ _   _  _____  ___   _______   __
| ___ \ | | ||  ___|/ _ \ /  ___\ \ / /
| |_/ / |_| || |__ / /_\ \ `--. \ V / 
|  __/|  _  ||  __||  _  | `--. \ \ /  
| |   | | | || |___| | | |/\__/ / | |  
\_|   \_| |_/\____/\_| |_/\____/  \_/ 0.0.2
[2026-02-23 21:03:04,837] System: Cu2Nd4O7
[2026-02-23 21:03:04,837] Space group: C2/m (12), 4 symmetry operations found.
[2026-02-23 21:03:04,837] Creating 3 x 3 x 3 supercell (351 atoms).
[2026-02-23 21:03:04,860] Starting to generate cluster space up to 2-order.
[2026-02-23 21:03:04,860] Cutoff distance (A) for 2-order IFCs: inf
[2026-02-23 21:03:16,113] Summary of cluster space:
[2026-02-23 21:03:16,113] - HARM    | cluster number: 830 | IFC number: 7470
[2026-02-23 21:03:18,007] Cluster space generation finished, time cost: 0:00:13.146322.
[2026-02-23 21:03:18,007] Finalize Pheasy, total time cost: 0:00:13.188569.

==== 02_pheasy_c ====
CMD: pheasy -c --dim 3 3 3 -w 2
[2026-02-23 21:03:18,828] Start Pheasy.
 ____  _   _  ____    __    ___  _  _ 
(  _ \( )_( )( ___)  /__\  / __)( \/ )
 )___/ ) _ (  )__)  /(__)\ \__ \ \  / 
(__)  (_) (_)(____)(__)(__)(___/ (__) 0.0.2
[2026-02-23 21:03:18,834] System: Cu2Nd4O7
[2026-02-23 21:03:18,834] Space group: C2/m (12), 4 symmetry operations found.
[2026-02-23 21:03:18,834] Creating 3 x 3 x 3 supercell (351 atoms).
[2026-02-23 21:03:18,854] Reading and generating cluster space from file, up to 2-order.
[2026-02-23 21:03:20,420] Cutoff distance (A) for 2-order IFCs: inf
[2026-02-23 21:03:20,421] Summary of cluster space:
[2026-02-23 21:03:20,421] - HARM    | cluster number: 830 | IFC number: 7470
[2026-02-23 21:03:20,421] Starting to construct symmetry constraints and null space.
[2026-02-23 21:03:20,422] Symmmetry constraints are imposed in Cartesian coordinate.
[2026-02-23 21:03:20,422] Symmetry constraints on 2-order IFCs:
[2026-02-23 21:03:20,422] - Imposing space group and permuation symmetry.
[2026-02-23 21:03:21,484] - Imposing translational invariance.
[2026-02-23 21:03:25,385] - Calculating null space.
[2026-02-23 21:03:35,153] - Time cost: 0:00:14.730522.
[2026-02-23 21:03:35,153] Summary of IFCs:
[2026-02-23 21:03:35,153] - HARM    | IFC number: 7470  | Free IFC number: 5493
[2026-02-23 21:03:35,163] Total number of free IFCs: 5493
[2026-02-23 21:03:35,167] Construction of symmetry constraints finished, time cost: 0:00:14.745410.
[2026-02-23 21:03:35,168] Finalize Pheasy, total time cost: 0:00:16.342807.

==== 03_pheasy_d ====
CMD: pheasy -d --dim 3 3 3 --ndata 12 --disp_file
[2026-02-23 21:03:36,077] Start Pheasy.
/^^^^^^^  /^^     /^^/^^^^^^^^      /^         /^^ ^^  /^^      /^^
/^^    /^^/^^     /^^/^^           /^ ^^     /^^    /^^ /^^    /^^ 
/^^    /^^/^^     /^^/^^          /^  /^^     /^^        /^^ /^^   
/^^^^^^^  /^^^^^^ /^^/^^^^^^     /^^   /^^      /^^        /^^     
/^^       /^^     /^^/^^        /^^^^^^ /^^        /^^     /^^     
/^^       /^^     /^^/^^       /^^       /^^ /^^    /^^    /^^     
/^^       /^^     /^^/^^^^^^^^/^^         /^^  /^^ ^^      /^^  0.0.2
[2026-02-23 21:03:36,083] System: Cu2Nd4O7
[2026-02-23 21:03:36,083] Space group: C2/m (12), 4 symmetry operations found.
[2026-02-23 21:03:36,083] Creating 3 x 3 x 3 supercell (351 atoms).
[2026-02-23 21:03:36,103] Reading and generating cluster space from file, up to 2-order.
[2026-02-23 21:03:37,700] Cutoff distance (A) for 2-order IFCs: inf
[2026-02-23 21:03:37,700] Summary of cluster space:
[2026-02-23 21:03:37,701] - HARM    | cluster number: 830 | IFC number: 7470
[2026-02-23 21:03:37,701] Starting to construct sensing (displacement) matrix.
[2026-02-23 21:03:37,701] Reading displaced configurations from file.
[2026-02-23 21:04:57,083] Construction of sensing (displacement) matrix finished, time cost: 0:01:19.381408.
[2026-02-23 21:04:57,086] Finalize Pheasy, total time cost: 0:01:21.012033.

==== 04_pheasy_f ====
CMD: pheasy -f --dim 3 3 3 --ndata 12 -w 2 -l LASSO --std --full_ifc --rasr BHH --hdf5
[2026-02-23 21:04:57,925] Start Pheasy.
_///////  _//     _//_////////      _/         _// //  _//      _//
_//    _//_//     _//_//           _/ //     _//    _// _//    _// 
_//    _//_//     _//_//          _/  _//     _//        _// _//   
_///////  _////// _//_//////     _//   _//      _//        _//     
_//       _//     _//_//        _////// _//        _//     _//     
_//       _//     _//_//       _//       _// _//    _//    _//     
_//       _//     _//_////////_//         _//  _// //      _// 0.0.2
[2026-02-23 21:04:57,931] System: Cu2Nd4O7
[2026-02-23 21:04:57,931] Space group: C2/m (12), 4 symmetry operations found.
[2026-02-23 21:04:57,931] Creating 3 x 3 x 3 supercell (351 atoms).
[2026-02-23 21:04:57,952] Reading and generating cluster space from file, up to 2-order.
[2026-02-23 21:04:59,555] Cutoff distance (A) for 2-order IFCs: inf
[2026-02-23 21:04:59,556] Summary of cluster space:
[2026-02-23 21:04:59,556] - HARM    | cluster number: 830 | IFC number: 7470
[2026-02-23 21:04:59,556] Reconstructing null space of symmetry constraints from file.
[2026-02-23 21:04:59,562] Summary of IFCs:
[2026-02-23 21:04:59,562] - HARM    | IFC number: 7470  | Free IFC number: 5493
[2026-02-23 21:04:59,562] Total number of free IFCs: 5493
[2026-02-23 21:04:59,562] Reconstructing sensing (displacement) matrix from file.
[2026-02-23 21:04:59,777] Starting to fit interatomic force constants.
[2026-02-23 21:04:59,986] Reading interatomic forces, 12 configurations.
[2026-02-23 21:05:01,703] Fitting force constants via the coordinate descent LASSO.
/opt/conda/envs/atomate2_pheasy/lib/python3.9/site-packages/sklearn/linear_model/_coordinate_descent.py:681: ConvergenceWarning: Objective did not converge. You might want to increase the number of iterations. Duality gap: 2.6136606763044483, tolerance: 1.01691452990575
  model = cd_fast.enet_coordinate_descent_gram(
/opt/conda/envs/atomate2_pheasy/lib/python3.9/site-packages/sklearn/linear_model/_coordinate_descent.py:681: ConvergenceWarning: Objective did not converge. You might want to increase the number of iterations. Duality gap: 4.742631318940823, tolerance: 1.01691452990575
  model = cd_fast.enet_coordinate_descent_gram(
/opt/conda/envs/atomate2_pheasy/lib/python3.9/site-packages/sklearn/linear_model/_coordinate_descent.py:681: ConvergenceWarning: Objective did not converge. You might want to increase the number of iterations. Duality gap: 9.831314066509805, tolerance: 1.01691452990575
  model = cd_fast.enet_coordinate_descent_gram(
/opt/conda/envs/atomate2_pheasy/lib/python3.9/site-packages/sklearn/linear_model/_coordinate_descent.py:681: ConvergenceWarning: Objective did not converge. You might want to increase the number of iterations. Duality gap: 10.77875048223595, tolerance: 1.01691452990575
  model = cd_fast.enet_coordinate_descent_gram(
/opt/conda/envs/atomate2_pheasy/lib/python3.9/site-packages/sklearn/linear_model/_coordinate_descent.py:681: ConvergenceWarning: Objective did not converge. You might want to increase the number of iterations. Duality gap: 2.8282498205873594, tolerance: 1.007900536648428
  model = cd_fast.enet_coordinate_descent_gram(
/opt/conda/envs/atomate2_pheasy/lib/python3.9/site-packages/sklearn/linear_model/_coordinate_descent.py:681: ConvergenceWarning: Objective did not converge. You might want to increase the number of iterations. Duality gap: 2.3753020232286417, tolerance: 1.007900536648428
  model = cd_fast.enet_coordinate_descent_gram(
/opt/conda/envs/atomate2_pheasy/lib/python3.9/site-packages/sklearn/linear_model/_coordinate_descent.py:681: ConvergenceWarning: Objective did not converge. You might want to increase the number of iterations. Duality gap: 2.2729842084624465, tolerance: 1.007900536648428
  model = cd_fast.enet_coordinate_descent_gram(
/opt/conda/envs/atomate2_pheasy/lib/python3.9/site-packages/sklearn/linear_model/_coordinate_descent.py:681: ConvergenceWarning: Objective did not converge. You might want to increase the number of iterations. Duality gap: 5.430344578461074, tolerance: 1.0005080587813215
  model = cd_fast.enet_coordinate_descent_gram(
/opt/conda/envs/atomate2_pheasy/lib/python3.9/site-packages/sklearn/linear_model/_coordinate_descent.py:681: ConvergenceWarning: Objective did not converge. You might want to increase the number of iterations. Duality gap: 6.065222197767753, tolerance: 1.0005080587813215
  model = cd_fast.enet_coordinate_descent_gram(
[2026-02-23 23:18:20,237] Summary of force constants fitting:
[2026-02-23 23:18:20,238] - Reaching the specified tolerance for the optimal alpha after 81 iterations.
[2026-02-23 23:18:20,238] - alpha_min: 1e-6
[2026-02-23 23:18:20,238] - alpha_max: 1e-2
[2026-02-23 23:18:20,238] - alpha_opt: 0.002222996482526193
[2026-02-23 23:18:20,238] - RMSE_CV: 0.30684984409527744 eV/A
[2026-02-23 23:18:20,238] - RMSE: 0.02043479376089429 eV/A
[2026-02-23 23:18:20,238] - Relative error: 0.2396696992179389
[2026-02-23 23:18:20,238] - Rank of coefficient matrix: 5478
[2026-02-23 23:18:20,238] - Free IFC terms: 5493
[2026-02-23 23:18:20,238] - Non-zero IFC terms: 1291
[2026-02-23 23:18:23,820] Writing second-order force constants into file.
[2026-02-23 23:18:23,820] Force constant fitting finished, time cost: 2:13:24.043121.
[2026-02-23 23:18:23,848] Finalize Pheasy, total time cost: 2:13:25.925928.

==== 05_phonopy ====
CMD: phonopy --dim 3 3 3 --readfc --band auto -ps --nac
/opt/conda/envs/atomate2_pheasy/lib/python3.9/site-packages/seekpath/hpkot/__init__.py:172: DeprecationWarning: dict interface is deprecated. Use attribute interface instead
  conv_lattice = dataset["std_lattice"]
        _
  _ __ | |__   ___  _ __   ___   _ __  _   _
 | '_ \| '_ \ / _ \| '_ \ / _ \ | '_ \| | | |
 | |_) | | | | (_) | | | | (_) || |_) | |_| |
 | .__/|_| |_|\___/|_| |_|\___(_) .__/ \__, |
 |_|                            |_|    |___/
                                      2.28.0

Compiled with OpenMP support (max 128 threads).
Python version 3.9.23
Spglib version 2.6.0

Crystal structure was read from "POSCAR".
Unit of length: angstrom
Band structure mode (Auto)
Settings:
  Non-analytical term correction (NAC): on
  Supercell: [3 3 3]
  Primitive matrix (Auto):
    [ 2.22044605e-16  1.00000000e+00 -2.77555756e-17]
    [-1.00000000e+00 -1.66533454e-16  2.77555756e-17]
    [0. 0. 1.]
Spacegroup: C2/m (12)
Number of symmetry operations in supercell: 108
Use -v option to watch primitive cell, unit cell, and supercell structures.

NAC parameters were read from "BORN".
Force constants are read from "FORCE_CONSTANTS".
Force constants format was transformed to compact format.
Array shape of force constants: (13, 351, 3, 3)

SeeK-path is used to generate band paths.
  About SeeK-path https://seekpath.readthedocs.io/ (citation there-in)
Reciprocal space paths in reduced coordinates:
[ 0.000  0.000  0.000] --> [ 0.275  0.275  0.000]
[-0.275  0.725  0.000] --> [-0.500  0.500  0.000]
[-0.500  0.500  0.000] --> [ 0.000  0.000  0.000]
[ 0.000  0.000  0.000] --> [-0.500  0.500  0.500]
[-0.500  0.500  0.500] --> [-0.262  0.738  0.500]
[ 0.262  0.262  0.500] --> [ 0.000  0.000  0.500]
[ 0.000  0.000  0.500] --> [ 0.000  0.000  0.000]
[ 0.000  0.500  0.500] --> [ 0.000  0.000  0.000]
[ 0.000  0.000  0.000] --> [ 0.000  0.500  0.000]

Summary of calculation was written in "phonopy.yaml".
                 _
   ___ _ __   __| |
  / _ \ '_ \ / _` |
 |  __/ | | | (_| |
  \___|_| |_|\__,_|

Done at Mon Feb 23 23:18:29 PST 2026
