/opt/conda/envs/atomate2_pheasy/lib/python3.9/site-packages/seekpath/hpkot/__init__.py:172: DeprecationWarning: dict interface is deprecated. Use attribute interface instead
  conv_lattice = dataset["std_lattice"]
        _
  _ __ | |__   ___  _ __   ___   _ __  _   _
 | '_ \| '_ \ / _ \| '_ \ / _ \ | '_ \| | | |
 | |_) | | | | (_) | | | | (_) || |_) | |_| |
 | .__/|_| |_|\___/|_| |_|\___(_) .__/ \__, |
 |_|                            |_|    |___/
                                      2.28.0

Compiled with OpenMP support (max 128 threads).
Python version 3.9.23
Spglib version 2.6.0

Crystal structure was read from "POSCAR".
Unit of length: angstrom
Band structure mode (Auto)
Settings:
  Non-analytical term correction (NAC): on
  Supercell: [3 3 3]
  Primitive matrix (Auto):
    [-1.00000000e+00 -1.11022302e-16  0.00000000e+00]
    [1.11022302e-16 1.00000000e+00 0.00000000e+00]
    [ 0.  0. -1.]
Spacegroup: C2/m (12)
Number of symmetry operations in supercell: 108
Use -v option to watch primitive cell, unit cell, and supercell structures.

NAC parameters were read from "BORN".
Force constants are read from "FORCE_CONSTANTS".
Force constants format was transformed to compact format.
Array shape of force constants: (8, 216, 3, 3)

SeeK-path is used to generate band paths.
  About SeeK-path https://seekpath.readthedocs.io/ (citation there-in)
Reciprocal space paths in reduced coordinates:
[ 0.000  0.000  0.000] --> [ 0.271  0.271  0.000]
[-0.271  0.729  0.000] --> [-0.500  0.500  0.000]
[-0.500  0.500  0.000] --> [ 0.000  0.000  0.000]
[ 0.000  0.000  0.000] --> [-0.500  0.500  0.500]
[-0.500  0.500  0.500] --> [-0.265  0.735  0.500]
[ 0.265  0.265  0.500] --> [ 0.000  0.000  0.500]
[ 0.000  0.000  0.500] --> [ 0.000  0.000  0.000]
[ 0.000  0.500  0.500] --> [ 0.000  0.000  0.000]
[ 0.000  0.000  0.000] --> [ 0.000  0.500  0.000]

Summary of calculation was written in "phonopy.yaml".
                 _
   ___ _ __   __| |
  / _ \ '_ \ / _` |
 |  __/ | | | (_| |
  \___|_| |_|\__,_|

